SF:F:\Source\Repos\VictorFrye\DotCom\src\Client\Program.cs
FN:5,System.Void Program/<<Main>$>d__0::MoveNext()
FNDA:0,System.Void Program/<<Main>$>d__0::MoveNext()
DA:6,0
DA:8,0
DA:9,0
DA:11,0
LF:4
LH:0
BRF:0
BRH:0
FNF:1
FNH:0
end_of_record
SF:F:\Source\Repos\VictorFrye\DotCom\src\Client\Components\Layouts\MainLayout.razor
FN:9,System.Void VictorFrye.DotCom.Client.Components.Layouts.MainLayout::BuildRenderTree(Microsoft.AspNetCore.Components.Rendering.RenderTreeBuilder)
FNDA:0,System.Void VictorFrye.DotCom.Client.Components.Layouts.MainLayout::BuildRenderTree(Microsoft.AspNetCore.Components.Rendering.RenderTreeBuilder)
DA:10,0
LF:1
LH:0
BRF:0
BRH:0
FNF:1
FNH:0
end_of_record
SF:F:\Source\Repos\VictorFrye\DotCom\src\Client\Components\Content\About.razor
FN:6,System.Void VictorFrye.DotCom.Client.Components.Content.About::BuildRenderTree(Microsoft.AspNetCore.Components.Rendering.RenderTreeBuilder)
FNDA:0,System.Void VictorFrye.DotCom.Client.Components.Content.About::BuildRenderTree(Microsoft.AspNetCore.Components.Rendering.RenderTreeBuilder)
DA:7,0
FN:26,System.Int32 VictorFrye.DotCom.Client.Components.Content.About::GetYearsOfExperience()
FNDA:0,System.Int32 VictorFrye.DotCom.Client.Components.Content.About::GetYearsOfExperience()
DA:27,0
DA:29,0
DA:30,0
DA:31,0
DA:34,0
DA:35,0
BRDA:29,23,0,0
BRDA:29,47,0,0
BRDA:29,47,1,0
BRDA:29,23,1,0
BRDA:29,81,0,0
BRDA:29,81,1,0
FN:23,System.Void VictorFrye.DotCom.Client.Components.Content.About::.ctor()
FNDA:0,System.Void VictorFrye.DotCom.Client.Components.Content.About::.ctor()
DA:24,0
DA:25,0
LF:9
LH:0
BRF:6
BRH:0
FNF:3
FNH:0
end_of_record
SF:F:\Source\Repos\VictorFrye\DotCom\src\Client\Components\Content\Connect.razor
FN:9,System.Void VictorFrye.DotCom.Client.Components.Content.Connect::.ctor()
FNDA:0,System.Void VictorFrye.DotCom.Client.Components.Content.Connect::.ctor()
DA:10,0
DA:11,0
DA:12,0
DA:13,0
DA:14,0
DA:15,0
DA:16,0
DA:17,0
DA:18,0
DA:19,0
DA:20,0
DA:21,0
DA:22,0
DA:23,0
DA:24,0
DA:25,0
DA:26,0
DA:27,0
DA:28,0
DA:29,0
DA:30,0
DA:31,0
DA:32,0
LF:23
LH:0
BRF:0
BRH:0
FNF:1
FNH:0
end_of_record
SF:F:\Source\Repos\VictorFrye\DotCom\src\Client\Components\Content\Footer.razor
FN:1,System.Void VictorFrye.DotCom.Client.Components.Content.Footer::BuildRenderTree(Microsoft.AspNetCore.Components.Rendering.RenderTreeBuilder)
FNDA:1,System.Void VictorFrye.DotCom.Client.Components.Content.Footer::BuildRenderTree(Microsoft.AspNetCore.Components.Rendering.RenderTreeBuilder)
DA:2,1
FN:6,System.Void VictorFrye.DotCom.Client.Components.Content.Footer::.ctor()
FNDA:1,System.Void VictorFrye.DotCom.Client.Components.Content.Footer::.ctor()
DA:7,1
LF:2
LH:2
BRF:0
BRH:0
FNF:2
FNH:2
end_of_record
SF:F:\Source\Repos\VictorFrye\DotCom\src\Client\Components\Content\SocialButtons.razor
FN:1,System.Void VictorFrye.DotCom.Client.Components.Content.SocialButtons::BuildRenderTree(Microsoft.AspNetCore.Components.Rendering.RenderTreeBuilder)
FNDA:31,System.Void VictorFrye.DotCom.Client.Components.Content.SocialButtons::BuildRenderTree(Microsoft.AspNetCore.Components.Rendering.RenderTreeBuilder)
DA:2,31
DA:3,11
DA:4,11
DA:5,11
BRDA:2,95,1,11
BRDA:2,95,0,3
FN:9,System.Collections.Generic.IList`1<VictorFrye.DotCom.Client.Models.Social> VictorFrye.DotCom.Client.Components.Content.SocialButtons::get_Socials()
FNDA:9,System.Collections.Generic.IList`1<VictorFrye.DotCom.Client.Models.Social> VictorFrye.DotCom.Client.Components.Content.SocialButtons::get_Socials()
DA:10,9
FN:11,System.Void VictorFrye.DotCom.Client.Components.Content.SocialButtons::.ctor()
FNDA:3,System.Void VictorFrye.DotCom.Client.Components.Content.SocialButtons::.ctor()
DA:12,3
DA:13,3
DA:14,3
DA:15,3
DA:16,3
DA:17,3
DA:18,3
DA:19,3
DA:20,3
DA:21,3
DA:22,3
DA:23,3
DA:24,3
DA:25,3
DA:26,3
DA:27,3
DA:28,3
DA:29,3
DA:30,3
DA:31,3
DA:32,3
DA:33,3
DA:34,3
DA:35,3
DA:36,3
DA:37,3
DA:38,3
DA:39,3
DA:40,3
DA:41,3
DA:42,3
DA:43,3
DA:44,3
DA:45,3
DA:46,3
DA:47,3
DA:48,3
DA:49,3
DA:50,3
DA:51,3
DA:52,3
DA:53,3
DA:54,3
DA:55,3
DA:56,3
DA:57,3
DA:58,3
LF:52
LH:52
BRF:2
BRH:2
FNF:3
FNH:3
end_of_record
SF:F:\Source\Repos\VictorFrye\DotCom\src\Client\Models\Social.cs
FN:4,System.String VictorFrye.DotCom.Client.Models.Social::get_Name()
FNDA:13,System.String VictorFrye.DotCom.Client.Models.Social::get_Name()
DA:5,13
FN:5,System.String VictorFrye.DotCom.Client.Models.Social::get_IconUrl()
FNDA:13,System.String VictorFrye.DotCom.Client.Models.Social::get_IconUrl()
DA:6,13
FN:6,System.String VictorFrye.DotCom.Client.Models.Social::get_UserUrl()
FNDA:14,System.String VictorFrye.DotCom.Client.Models.Social::get_UserUrl()
DA:7,14
FN:2,System.Void VictorFrye.DotCom.Client.Models.Social::.ctor(System.String,System.String,System.String)
FNDA:2,System.Void VictorFrye.DotCom.Client.Models.Social::.ctor(System.String,System.String,System.String)
DA:3,2
LF:4
LH:4
BRF:0
BRH:0
FNF:4
FNH:4
end_of_record